<?xml version="1.0" encoding="UTF-8"?>
<testng-results skipped="0" failed="0" total="1" passed="1">
  <reporter-output>
  </reporter-output>
  <suite name="Tests" duration-ms="11792" started-at="2015-07-08T12:02:55Z" finished-at="2015-07-08T12:03:07Z">
    <groups>
    </groups>
    <test name="Test1" duration-ms="11792" started-at="2015-07-08T12:02:55Z" finished-at="2015-07-08T12:03:07Z">
      <class name="selenium_course_kolomoets.LoginTest">
        <test-method status="PASS" signature="init()[pri:0, instance:selenium_course_kolomoets.LoginTest@583f5cc3]" name="init" is-config="true" duration-ms="9416" started-at="2015-07-08T15:02:55Z" finished-at="2015-07-08T15:03:04Z">
          <reporter-output>
          </reporter-output>
        </test-method> <!-- init -->
        <test-method status="PASS" signature="testUntitled()[pri:0, instance:selenium_course_kolomoets.LoginTest@583f5cc3]" name="testUntitled" duration-ms="2332" started-at="2015-07-08T15:03:04Z" finished-at="2015-07-08T15:03:07Z">
          <reporter-output>
          </reporter-output>
        </test-method> <!-- testUntitled -->
        <test-method status="PASS" signature="tearDown()[pri:0, instance:selenium_course_kolomoets.LoginTest@583f5cc3]" name="tearDown" is-config="true" duration-ms="1002" started-at="2015-07-08T15:03:07Z" finished-at="2015-07-08T15:03:08Z">
          <reporter-output>
          </reporter-output>
        </test-method> <!-- tearDown -->
      </class> <!-- selenium_course_kolomoets.LoginTest -->
    </test> <!-- Test1 -->
  </suite> <!-- Tests -->
</testng-results>
